2025-08-06 16:59:23,119 - VulnragRetriever - INFO - Loaded KB2 with 2317 entries
2025-08-06 16:59:23,181 - VulnragRetriever - INFO - Loaded double indexation: VULN (2313, 1536), PATCH (2313, 1536)
2025-08-06 16:59:23,228 - VulnragRetriever - INFO - Loaded 37 cached embeddings
2025-08-06 16:59:23,229 - VulnragRetriever - INFO - VulnragRetriever initialized with 2317 KB2 entries
2025-08-06 16:59:23,234 - VulnragRetriever - INFO - Starting hybrid retrieval for query query_1754513963
2025-08-06 16:59:44,732 - VulnragRetriever - INFO - Hybrid retrieval completed in 21.498s: UNCERTAIN
2025-08-06 16:59:57,396 - VulnragRetriever - INFO - Starting hybrid retrieval for query query_1754513997
2025-08-06 17:02:18,821 - VulnragRetriever - INFO - Loaded KB2 with 2317 entries
2025-08-06 17:02:18,873 - VulnragRetriever - INFO - Loaded double indexation: VULN (2313, 1536), PATCH (2313, 1536)
2025-08-06 17:02:18,930 - VulnragRetriever - INFO - Loaded 38 cached embeddings
2025-08-06 17:02:18,930 - VulnragRetriever - INFO - VulnragRetriever initialized with 2317 KB2 entries
2025-08-06 17:02:18,939 - VulnragRetriever - INFO - Starting hybrid retrieval for query query_1754514138
2025-08-06 17:02:37,166 - VulnragRetriever - INFO - Hybrid retrieval completed in 18.226s: UNCERTAIN
2025-08-06 17:02:50,217 - VulnragRetriever - INFO - Starting hybrid retrieval for query query_1754514170
2025-08-06 17:03:06,237 - VulnragRetriever - INFO - Hybrid retrieval completed in 16.020s: UNCERTAIN
2025-08-06 17:03:23,106 - VulnragRetriever - INFO - Starting hybrid retrieval for query query_1754514203
2025-08-06 17:03:37,101 - VulnragRetriever - INFO - Hybrid retrieval completed in 13.995s: UNCERTAIN
2025-08-06 17:03:49,064 - VulnragRetriever - INFO - Starting hybrid retrieval for query query_1754514229
2025-08-06 17:04:03,706 - VulnragRetriever - INFO - Hybrid retrieval completed in 14.642s: SAFE
2025-08-06 17:04:15,042 - VulnragRetriever - INFO - Starting hybrid retrieval for query query_1754514255
2025-08-06 17:04:29,132 - VulnragRetriever - INFO - Hybrid retrieval completed in 14.090s: VULNERABLE
2025-08-06 17:04:42,077 - VulnragRetriever - INFO - Starting hybrid retrieval for query query_1754514282
2025-08-06 17:04:58,440 - VulnragRetriever - INFO - Hybrid retrieval completed in 16.363s: VULNERABLE
2025-08-06 17:05:10,127 - VulnragRetriever - INFO - Starting hybrid retrieval for query query_1754514310
2025-08-06 17:05:24,465 - VulnragRetriever - INFO - Hybrid retrieval completed in 14.339s: SAFE
2025-08-06 17:05:42,072 - VulnragRetriever - INFO - Starting hybrid retrieval for query query_1754514342
2025-08-06 17:05:55,944 - VulnragRetriever - INFO - Hybrid retrieval completed in 13.871s: UNCERTAIN
2025-08-06 17:06:08,859 - VulnragRetriever - INFO - Starting hybrid retrieval for query query_1754514368
2025-08-06 17:06:23,737 - VulnragRetriever - INFO - Hybrid retrieval completed in 14.878s: SAFE
2025-08-06 17:06:31,104 - VulnragRetriever - INFO - Starting hybrid retrieval for query query_1754514391
2025-08-06 17:06:45,746 - VulnragRetriever - INFO - Hybrid retrieval completed in 14.641s: UNCERTAIN
2025-08-06 17:06:59,792 - VulnragRetriever - INFO - Starting hybrid retrieval for query query_1754514419
2025-08-06 17:07:15,552 - VulnragRetriever - INFO - Hybrid retrieval completed in 15.760s: UNCERTAIN
2025-08-06 17:07:30,818 - VulnragRetriever - INFO - Starting hybrid retrieval for query query_1754514450
2025-08-06 17:07:46,042 - VulnragRetriever - INFO - Hybrid retrieval completed in 15.224s: UNCERTAIN
2025-08-06 17:08:00,618 - VulnragRetriever - INFO - Starting hybrid retrieval for query query_1754514480
2025-08-06 17:08:15,415 - VulnragRetriever - INFO - Hybrid retrieval completed in 14.797s: UNCERTAIN
2025-08-06 17:08:23,760 - VulnragRetriever - INFO - Starting hybrid retrieval for query query_1754514503
2025-08-06 17:08:37,477 - VulnragRetriever - INFO - Hybrid retrieval completed in 13.717s: VULNERABLE
2025-08-06 17:08:54,083 - VulnragRetriever - INFO - Starting hybrid retrieval for query query_1754514534
2025-08-06 17:09:09,074 - VulnragRetriever - INFO - Hybrid retrieval completed in 14.990s: UNCERTAIN
2025-08-06 17:09:17,542 - VulnragRetriever - INFO - Starting hybrid retrieval for query query_1754514557
2025-08-06 17:09:32,562 - VulnragRetriever - INFO - Hybrid retrieval completed in 15.020s: UNCERTAIN
2025-08-06 17:09:41,480 - VulnragRetriever - INFO - Starting hybrid retrieval for query query_1754514581
2025-08-06 17:09:55,598 - VulnragRetriever - INFO - Hybrid retrieval completed in 14.118s: UNCERTAIN
2025-08-06 17:10:08,137 - VulnragRetriever - INFO - Starting hybrid retrieval for query query_1754514608
2025-08-06 17:10:22,949 - VulnragRetriever - INFO - Hybrid retrieval completed in 14.812s: UNCERTAIN
2025-08-06 17:10:41,596 - VulnragRetriever - INFO - Starting hybrid retrieval for query query_1754514641
2025-08-06 17:10:56,372 - VulnragRetriever - INFO - Hybrid retrieval completed in 14.775s: UNCERTAIN
2025-08-06 17:11:07,714 - VulnragRetriever - INFO - Starting hybrid retrieval for query query_1754514667
2025-08-06 17:11:22,251 - VulnragRetriever - INFO - Hybrid retrieval completed in 14.537s: VULNERABLE
2025-08-06 17:14:44,678 - VulnragRetriever - INFO - Loaded KB2 with 2317 entries
2025-08-06 17:14:44,726 - VulnragRetriever - INFO - Loaded double indexation: VULN (2313, 1536), PATCH (2313, 1536)
2025-08-06 17:14:44,781 - VulnragRetriever - INFO - Loaded 58 cached embeddings
2025-08-06 17:14:44,782 - VulnragRetriever - INFO - VulnragRetriever initialized with 2317 KB2 entries
2025-08-06 17:14:44,788 - VulnragRetriever - INFO - Starting hybrid retrieval for query query_1754514884
2025-08-06 17:15:04,631 - VulnragRetriever - INFO - Hybrid retrieval completed in 19.843s: UNCERTAIN
2025-08-06 17:15:13,783 - VulnragRetriever - INFO - Starting hybrid retrieval for query query_1754514913
2025-08-06 17:15:27,881 - VulnragRetriever - INFO - Hybrid retrieval completed in 14.098s: UNCERTAIN
2025-08-06 17:15:48,088 - VulnragRetriever - INFO - Starting hybrid retrieval for query query_1754514948
2025-08-06 17:16:02,424 - VulnragRetriever - INFO - Hybrid retrieval completed in 14.336s: UNCERTAIN
2025-08-06 17:16:16,778 - VulnragRetriever - INFO - Starting hybrid retrieval for query query_1754514976
2025-08-06 17:16:33,204 - VulnragRetriever - INFO - Hybrid retrieval completed in 16.426s: UNCERTAIN
2025-08-06 17:16:54,760 - VulnragRetriever - INFO - Starting hybrid retrieval for query query_1754515014
2025-08-06 17:17:09,215 - VulnragRetriever - INFO - Hybrid retrieval completed in 14.455s: UNCERTAIN
2025-08-06 17:17:17,811 - VulnragRetriever - INFO - Starting hybrid retrieval for query query_1754515037
2025-08-06 17:17:31,973 - VulnragRetriever - INFO - Hybrid retrieval completed in 14.162s: VULNERABLE
2025-08-06 17:17:47,167 - VulnragRetriever - INFO - Starting hybrid retrieval for query query_1754515067
2025-08-06 17:18:02,266 - VulnragRetriever - INFO - Hybrid retrieval completed in 15.099s: UNCERTAIN
2025-08-06 17:18:22,389 - VulnragRetriever - INFO - Starting hybrid retrieval for query query_1754515102
2025-08-06 17:18:38,933 - VulnragRetriever - INFO - Hybrid retrieval completed in 16.544s: UNCERTAIN
2025-08-06 17:19:00,489 - VulnragRetriever - INFO - Starting hybrid retrieval for query query_1754515140
2025-08-06 17:19:15,038 - VulnragRetriever - INFO - Hybrid retrieval completed in 14.549s: UNCERTAIN
2025-08-06 17:19:40,628 - VulnragRetriever - INFO - Starting hybrid retrieval for query query_1754515180
2025-08-06 17:19:54,869 - VulnragRetriever - INFO - Hybrid retrieval completed in 14.241s: UNCERTAIN
2025-08-06 17:20:17,085 - VulnragRetriever - INFO - Starting hybrid retrieval for query query_1754515217
2025-08-06 17:20:39,933 - VulnragRetriever - INFO - Hybrid retrieval completed in 22.849s: UNCERTAIN
2025-08-06 17:20:54,976 - VulnragRetriever - INFO - Starting hybrid retrieval for query query_1754515254
2025-08-06 17:21:12,937 - VulnragRetriever - INFO - Hybrid retrieval completed in 17.961s: UNCERTAIN
2025-08-06 17:21:30,925 - VulnragRetriever - INFO - Starting hybrid retrieval for query query_1754515290
2025-08-06 17:21:45,010 - VulnragRetriever - INFO - Hybrid retrieval completed in 14.085s: UNCERTAIN
2025-08-06 17:22:04,819 - VulnragRetriever - INFO - Starting hybrid retrieval for query query_1754515324
2025-08-06 17:22:20,174 - VulnragRetriever - INFO - Hybrid retrieval completed in 15.355s: UNCERTAIN
2025-08-06 17:22:30,129 - VulnragRetriever - INFO - Starting hybrid retrieval for query query_1754515350
2025-08-06 17:22:46,050 - VulnragRetriever - INFO - Hybrid retrieval completed in 15.922s: UNCERTAIN
2025-08-06 17:23:03,696 - VulnragRetriever - INFO - Starting hybrid retrieval for query query_1754515383
2025-08-06 17:23:19,562 - VulnragRetriever - INFO - Hybrid retrieval completed in 15.866s: UNCERTAIN
2025-08-06 17:23:40,670 - VulnragRetriever - INFO - Starting hybrid retrieval for query query_1754515420
2025-08-06 17:23:57,775 - VulnragRetriever - INFO - Hybrid retrieval completed in 17.105s: UNCERTAIN
2025-08-06 17:24:16,439 - VulnragRetriever - INFO - Starting hybrid retrieval for query query_1754515456
2025-08-06 17:24:30,645 - VulnragRetriever - INFO - Hybrid retrieval completed in 14.206s: UNCERTAIN
2025-08-06 17:24:54,180 - VulnragRetriever - INFO - Starting hybrid retrieval for query query_1754515494
2025-08-06 17:25:09,807 - VulnragRetriever - INFO - Hybrid retrieval completed in 15.626s: VULNERABLE
2025-08-06 17:25:25,722 - VulnragRetriever - INFO - Starting hybrid retrieval for query query_1754515525
2025-08-06 17:25:40,095 - VulnragRetriever - INFO - Hybrid retrieval completed in 14.374s: UNCERTAIN
2025-08-06 17:46:23,640 - VulnragRetriever - INFO - Loaded KB2 with 2317 entries
2025-08-06 17:46:23,704 - VulnragRetriever - INFO - Loaded double indexation: VULN (2313, 1536), PATCH (2313, 1536)
2025-08-06 17:46:24,035 - VulnragRetriever - INFO - Loaded 78 cached embeddings
2025-08-06 17:46:24,055 - VulnragRetriever - INFO - VulnragRetriever initialized with 2317 KB2 entries
2025-08-06 17:46:24,091 - VulnragRetriever - INFO - Starting hybrid retrieval for query query_1754516784
2025-08-06 17:46:51,178 - VulnragRetriever - INFO - Hybrid retrieval completed in 27.087s: NEUTRAL
2025-08-06 17:46:51,179 - VulnragRetriever - INFO - Starting hybrid retrieval for query query_1754516811
2025-08-06 17:47:11,078 - VulnragRetriever - INFO - Hybrid retrieval completed in 19.899s: NEUTRAL
2025-08-06 17:47:11,080 - VulnragRetriever - INFO - Starting hybrid retrieval for query query_1754516831
2025-08-06 17:48:24,621 - VulnragRetriever - INFO - Loaded KB2 with 2317 entries
2025-08-06 17:48:24,677 - VulnragRetriever - INFO - Loaded double indexation: VULN (2313, 1536), PATCH (2313, 1536)
2025-08-06 17:48:24,876 - VulnragRetriever - INFO - Loaded 80 cached embeddings
2025-08-06 17:48:24,877 - VulnragRetriever - INFO - VulnragRetriever initialized with 2317 KB2 entries
2025-08-06 17:48:24,959 - VulnragRetriever - INFO - Starting hybrid retrieval for query query_1754516904
2025-08-06 17:48:47,259 - VulnragRetriever - INFO - Hybrid retrieval completed in 22.300s: NEUTRAL
2025-08-06 17:54:07,842 - VulnragRetriever - INFO - Loaded KB2 with 2317 entries
2025-08-06 17:54:07,899 - VulnragRetriever - INFO - Loaded double indexation: VULN (2313, 1536), PATCH (2313, 1536)
2025-08-06 17:54:08,022 - VulnragRetriever - INFO - Loaded 81 cached embeddings
2025-08-06 17:54:08,022 - VulnragRetriever - INFO - VulnragRetriever initialized with 2317 KB2 entries
2025-08-06 17:54:08,032 - VulnragRetriever - INFO - Starting hybrid retrieval for query query_1754517248
2025-08-06 17:54:26,119 - VulnragRetriever - INFO - Hybrid retrieval completed in 18.087s: NEUTRAL
2025-08-06 17:55:53,381 - VulnragRetriever - INFO - Loaded KB2 with 2317 entries
2025-08-06 17:55:53,435 - VulnragRetriever - INFO - Loaded double indexation: VULN (2313, 1536), PATCH (2313, 1536)
2025-08-06 17:55:53,506 - VulnragRetriever - INFO - Loaded 82 cached embeddings
2025-08-06 17:55:53,506 - VulnragRetriever - INFO - VulnragRetriever initialized with 2317 KB2 entries
2025-08-06 17:55:53,514 - VulnragRetriever - INFO - Starting hybrid retrieval for query query_1754517353
2025-08-06 17:56:13,963 - VulnragRetriever - INFO - Hybrid retrieval completed in 20.448s: NEUTRAL
2025-08-06 17:59:04,031 - VulnragRetriever - INFO - Loaded KB2 with 2317 entries
2025-08-06 17:59:04,073 - VulnragRetriever - INFO - Loaded double indexation: VULN (2313, 1536), PATCH (2313, 1536)
2025-08-06 17:59:04,120 - VulnragRetriever - INFO - Loaded 83 cached embeddings
2025-08-06 17:59:04,120 - VulnragRetriever - INFO - VulnragRetriever initialized with 2317 KB2 entries
2025-08-06 17:59:27,148 - VulnragRetriever - INFO - Loaded KB2 with 2317 entries
2025-08-06 17:59:27,149 - VulnragRetriever - INFO - Loaded KB2 with 2317 entries
2025-08-06 17:59:27,223 - VulnragRetriever - INFO - Loaded double indexation: VULN (2313, 1536), PATCH (2313, 1536)
2025-08-06 17:59:27,225 - VulnragRetriever - INFO - Loaded double indexation: VULN (2313, 1536), PATCH (2313, 1536)
2025-08-06 17:59:27,259 - VulnragRetriever - INFO - Loaded 83 cached embeddings
2025-08-06 17:59:27,259 - VulnragRetriever - INFO - VulnragRetriever initialized with 2317 KB2 entries
2025-08-06 17:59:27,285 - VulnragRetriever - INFO - Loaded 83 cached embeddings
2025-08-06 17:59:27,285 - VulnragRetriever - INFO - VulnragRetriever initialized with 2317 KB2 entries
2025-08-06 17:59:27,307 - VulnragRetriever - INFO - Starting hybrid retrieval for query query_1754517567
2025-08-06 17:59:39,254 - VulnragRetriever - INFO - Hybrid retrieval completed in 11.947s: NEUTRAL
2025-08-06 18:02:07,245 - VulnragRetriever - INFO - Loaded KB2 with 2317 entries
2025-08-06 18:02:07,298 - VulnragRetriever - INFO - Loaded double indexation: VULN (2313, 1536), PATCH (2313, 1536)
2025-08-06 18:02:07,373 - VulnragRetriever - INFO - Loaded 84 cached embeddings
2025-08-06 18:02:07,374 - VulnragRetriever - INFO - VulnragRetriever initialized with 2317 KB2 entries
2025-08-06 18:02:07,381 - VulnragRetriever - INFO - Starting hybrid retrieval for query query_1754517727
2025-08-06 18:02:25,373 - VulnragRetriever - INFO - Loaded KB2 with 2317 entries
2025-08-06 18:02:25,435 - VulnragRetriever - INFO - Loaded double indexation: VULN (2313, 1536), PATCH (2313, 1536)
2025-08-06 18:02:25,608 - VulnragRetriever - INFO - Loaded 85 cached embeddings
2025-08-06 18:02:25,608 - VulnragRetriever - INFO - VulnragRetriever initialized with 2317 KB2 entries
2025-08-06 18:02:25,618 - VulnragRetriever - INFO - Starting hybrid retrieval for query query_1754517745
2025-08-06 18:02:31,616 - VulnragRetriever - INFO - Hybrid retrieval completed in 24.235s: NEUTRAL
2025-08-06 18:02:45,272 - VulnragRetriever - INFO - Hybrid retrieval completed in 19.654s: NEUTRAL
2025-08-06 18:11:33,830 - VulnragRetriever - INFO - Loaded KB2 with 2317 entries
2025-08-06 18:11:33,921 - VulnragRetriever - INFO - Loaded double indexation: VULN (2313, 1536), PATCH (2313, 1536)
2025-08-06 18:11:34,000 - VulnragRetriever - INFO - Loaded 86 cached embeddings
2025-08-06 18:11:34,000 - VulnragRetriever - INFO - VulnragRetriever initialized with 2317 KB2 entries
2025-08-06 18:11:34,008 - VulnragRetriever - INFO - Starting hybrid retrieval for query query_1754518294
2025-08-06 18:11:53,986 - VulnragRetriever - INFO - Hybrid retrieval completed in 19.979s: NEUTRAL
2025-08-06 18:17:05,356 - VulnragRetriever - INFO - Loaded KB2 with 2317 entries
2025-08-06 18:17:05,433 - VulnragRetriever - INFO - Loaded double indexation: VULN (2313, 1536), PATCH (2313, 1536)
2025-08-06 18:17:05,501 - VulnragRetriever - INFO - Loaded 87 cached embeddings
2025-08-06 18:17:05,502 - VulnragRetriever - INFO - VulnragRetriever initialized with 2317 KB2 entries
2025-08-06 18:17:05,508 - VulnragRetriever - INFO - Starting hybrid retrieval for query query_1754518625
2025-08-06 18:17:25,282 - VulnragRetriever - INFO - Hybrid retrieval completed in 19.774s: NEUTRAL
2025-08-06 18:18:25,613 - VulnragRetriever - INFO - Loaded KB2 with 2317 entries
2025-08-06 18:18:25,715 - VulnragRetriever - INFO - Loaded double indexation: VULN (2313, 1536), PATCH (2313, 1536)
2025-08-06 18:18:25,794 - VulnragRetriever - INFO - Loaded 88 cached embeddings
2025-08-06 18:18:25,794 - VulnragRetriever - INFO - VulnragRetriever initialized with 2317 KB2 entries
2025-08-06 18:18:41,146 - VulnragRetriever - INFO - Loaded KB2 with 2317 entries
2025-08-06 18:18:41,527 - VulnragRetriever - INFO - Loaded double indexation: VULN (2313, 1536), PATCH (2313, 1536)
2025-08-06 18:18:41,570 - VulnragRetriever - INFO - Loaded 88 cached embeddings
2025-08-06 18:18:41,571 - VulnragRetriever - INFO - VulnragRetriever initialized with 2317 KB2 entries
2025-08-06 18:18:51,588 - VulnragRetriever - INFO - Loaded KB2 with 2317 entries
2025-08-06 18:18:52,220 - VulnragRetriever - INFO - Loaded KB2 with 2317 entries
2025-08-06 18:18:52,308 - VulnragRetriever - INFO - Loaded double indexation: VULN (2313, 1536), PATCH (2313, 1536)
2025-08-06 18:18:52,310 - VulnragRetriever - INFO - Loaded double indexation: VULN (2313, 1536), PATCH (2313, 1536)
2025-08-06 18:18:52,367 - VulnragRetriever - INFO - Loaded 88 cached embeddings
2025-08-06 18:18:52,367 - VulnragRetriever - INFO - VulnragRetriever initialized with 2317 KB2 entries
2025-08-06 18:18:52,400 - VulnragRetriever - INFO - Loaded 88 cached embeddings
2025-08-06 18:18:52,401 - VulnragRetriever - INFO - VulnragRetriever initialized with 2317 KB2 entries
2025-08-06 18:18:52,423 - VulnragRetriever - INFO - Starting hybrid retrieval for query query_1754518732
2025-08-06 18:19:05,289 - VulnragRetriever - INFO - Hybrid retrieval completed in 12.866s: NEUTRAL
2025-08-06 18:19:23,141 - VulnragRetriever - INFO - Loaded KB2 with 2317 entries
2025-08-06 18:19:23,298 - VulnragRetriever - INFO - Loaded double indexation: VULN (2313, 1536), PATCH (2313, 1536)
2025-08-06 18:19:23,381 - VulnragRetriever - INFO - Loaded 89 cached embeddings
2025-08-06 18:19:23,382 - VulnragRetriever - INFO - VulnragRetriever initialized with 2317 KB2 entries
2025-08-06 18:19:23,778 - VulnragRetriever - INFO - Loaded KB2 with 2317 entries
2025-08-06 18:19:23,815 - VulnragRetriever - INFO - Loaded double indexation: VULN (2313, 1536), PATCH (2313, 1536)
2025-08-06 18:19:23,850 - VulnragRetriever - INFO - Loaded 89 cached embeddings
2025-08-06 18:19:23,851 - VulnragRetriever - INFO - VulnragRetriever initialized with 2317 KB2 entries
2025-08-06 18:19:29,192 - VulnragRetriever - INFO - Loaded KB2 with 2317 entries
2025-08-06 18:19:29,458 - VulnragRetriever - INFO - Loaded KB2 with 2317 entries
2025-08-06 18:19:29,487 - VulnragRetriever - INFO - Loaded double indexation: VULN (2313, 1536), PATCH (2313, 1536)
2025-08-06 18:19:29,514 - VulnragRetriever - INFO - Loaded 89 cached embeddings
2025-08-06 18:19:29,515 - VulnragRetriever - INFO - VulnragRetriever initialized with 2317 KB2 entries
2025-08-06 18:19:29,515 - VulnragRetriever - INFO - Loaded double indexation: VULN (2313, 1536), PATCH (2313, 1536)
2025-08-06 18:19:29,743 - VulnragRetriever - INFO - Loaded 89 cached embeddings
2025-08-06 18:19:29,743 - VulnragRetriever - INFO - VulnragRetriever initialized with 2317 KB2 entries
2025-08-06 18:19:29,751 - VulnragRetriever - INFO - Starting hybrid retrieval for query query_1754518769
2025-08-06 18:19:42,569 - VulnragRetriever - INFO - Hybrid retrieval completed in 12.817s: NEUTRAL
2025-08-06 18:28:18,290 - VulnragRetriever - INFO - Loaded KB2 with 2317 entries
2025-08-06 18:28:18,350 - VulnragRetriever - INFO - Loaded double indexation: VULN (2313, 1536), PATCH (2313, 1536)
2025-08-06 18:28:18,575 - VulnragRetriever - INFO - Loaded 89 cached embeddings
2025-08-06 18:28:18,576 - VulnragRetriever - INFO - VulnragRetriever initialized with 2317 KB2 entries
2025-08-06 18:31:32,269 - VulnragRetriever - INFO - Loaded KB2 with 2317 entries
2025-08-06 18:31:32,313 - VulnragRetriever - INFO - Loaded double indexation: VULN (2313, 1536), PATCH (2313, 1536)
2025-08-06 18:31:32,368 - VulnragRetriever - INFO - Loaded 89 cached embeddings
2025-08-06 18:31:32,369 - VulnragRetriever - INFO - VulnragRetriever initialized with 2317 KB2 entries
2025-08-06 19:25:26,701 - VulnragRetriever - INFO - Loaded KB2 with 2317 entries
2025-08-06 19:25:26,849 - VulnragRetriever - INFO - Loaded double indexation: VULN (2313, 1536), PATCH (2313, 1536)
2025-08-06 19:25:26,951 - VulnragRetriever - INFO - Loaded 89 cached embeddings
2025-08-06 19:25:26,951 - VulnragRetriever - INFO - VulnragRetriever initialized with 2317 KB2 entries
2025-08-06 19:25:50,188 - VulnragRetriever - INFO - Loaded KB2 with 2317 entries
2025-08-06 19:25:50,317 - VulnragRetriever - INFO - Loaded double indexation: VULN (2313, 1536), PATCH (2313, 1536)
2025-08-06 19:25:50,383 - VulnragRetriever - INFO - Loaded 89 cached embeddings
2025-08-06 19:25:50,383 - VulnragRetriever - INFO - VulnragRetriever initialized with 2317 KB2 entries
2025-08-06 19:26:04,162 - VulnragRetriever - INFO - Loaded KB2 with 2317 entries
2025-08-06 19:26:04,408 - VulnragRetriever - INFO - Loaded double indexation: VULN (2313, 1536), PATCH (2313, 1536)
2025-08-06 19:26:04,474 - VulnragRetriever - INFO - Loaded 89 cached embeddings
2025-08-06 19:26:04,474 - VulnragRetriever - INFO - VulnragRetriever initialized with 2317 KB2 entries
2025-08-06 19:26:05,833 - VulnragRetriever - INFO - Loaded KB2 with 2317 entries
2025-08-06 19:26:05,886 - VulnragRetriever - INFO - Loaded double indexation: VULN (2313, 1536), PATCH (2313, 1536)
2025-08-06 19:26:05,933 - VulnragRetriever - INFO - Loaded 89 cached embeddings
2025-08-06 19:26:05,933 - VulnragRetriever - INFO - VulnragRetriever initialized with 2317 KB2 entries
2025-08-06 19:26:05,948 - VulnragRetriever - INFO - Starting hybrid retrieval for query query_1754522765
2025-08-06 19:26:26,507 - VulnragRetriever - INFO - Hybrid retrieval completed in 20.559s: NEUTRAL
2025-08-06 19:36:56,697 - VulnragRetriever - INFO - Loaded KB2 with 2317 entries
2025-08-06 19:36:56,935 - VulnragRetriever - INFO - Loaded double indexation: VULN (2313, 1536), PATCH (2313, 1536)
2025-08-06 19:36:57,123 - VulnragRetriever - INFO - Loaded 90 cached embeddings
2025-08-06 19:36:57,123 - VulnragRetriever - INFO - VulnragRetriever initialized with 2317 KB2 entries
2025-08-06 19:37:06,081 - VulnragRetriever - INFO - Loaded KB2 with 2317 entries
2025-08-06 19:37:07,639 - VulnragRetriever - INFO - Loaded KB2 with 2317 entries
2025-08-06 19:37:08,173 - VulnragRetriever - INFO - Loaded double indexation: VULN (2313, 1536), PATCH (2313, 1536)
2025-08-06 19:37:08,190 - VulnragRetriever - INFO - Loaded double indexation: VULN (2313, 1536), PATCH (2313, 1536)
2025-08-06 19:37:08,575 - VulnragRetriever - INFO - Loaded 90 cached embeddings
2025-08-06 19:37:08,576 - VulnragRetriever - INFO - VulnragRetriever initialized with 2317 KB2 entries
2025-08-06 19:37:08,727 - VulnragRetriever - INFO - Loaded 90 cached embeddings
2025-08-06 19:37:08,729 - VulnragRetriever - INFO - VulnragRetriever initialized with 2317 KB2 entries
2025-08-06 19:37:08,779 - VulnragRetriever - INFO - Starting hybrid retrieval for query query_1754523428
2025-08-06 19:37:37,543 - VulnragRetriever - INFO - Hybrid retrieval completed in 28.765s: NEUTRAL
2025-08-06 19:47:57,926 - VulnragRetriever - INFO - Loaded KB2 with 2317 entries
2025-08-06 19:47:58,587 - VulnragRetriever - INFO - Loaded double indexation: VULN (2313, 1536), PATCH (2313, 1536)
2025-08-06 19:47:58,745 - VulnragRetriever - INFO - Loaded 91 cached embeddings
2025-08-06 19:47:58,745 - VulnragRetriever - INFO - VulnragRetriever initialized with 2317 KB2 entries
2025-08-06 19:48:12,621 - VulnragRetriever - INFO - Loaded KB2 with 2317 entries
2025-08-06 19:48:13,195 - VulnragRetriever - INFO - Loaded KB2 with 2317 entries
2025-08-06 19:48:13,277 - VulnragRetriever - INFO - Loaded double indexation: VULN (2313, 1536), PATCH (2313, 1536)
2025-08-06 19:48:13,279 - VulnragRetriever - INFO - Loaded double indexation: VULN (2313, 1536), PATCH (2313, 1536)
2025-08-06 19:48:13,751 - VulnragRetriever - INFO - Loaded 91 cached embeddings
2025-08-06 19:48:13,752 - VulnragRetriever - INFO - Loaded 91 cached embeddings
2025-08-06 19:48:13,753 - VulnragRetriever - INFO - VulnragRetriever initialized with 2317 KB2 entries
2025-08-06 19:48:13,753 - VulnragRetriever - INFO - VulnragRetriever initialized with 2317 KB2 entries
2025-08-06 19:48:13,817 - VulnragRetriever - INFO - Starting hybrid retrieval for query query_1754524093
2025-08-06 19:48:41,321 - VulnragRetriever - INFO - Hybrid retrieval completed in 27.504s: NEUTRAL
2025-08-06 19:57:43,390 - VulnragRetriever - INFO - Loaded KB2 with 2317 entries
2025-08-06 19:57:43,472 - VulnragRetriever - INFO - Loaded double indexation: VULN (2313, 1536), PATCH (2313, 1536)
2025-08-06 19:57:43,523 - VulnragRetriever - INFO - Loaded 92 cached embeddings
2025-08-06 19:57:43,523 - VulnragRetriever - INFO - VulnragRetriever initialized with 2317 KB2 entries
2025-08-06 19:57:49,509 - VulnragRetriever - INFO - Loaded KB2 with 2317 entries
2025-08-06 19:57:49,618 - VulnragRetriever - INFO - Loaded double indexation: VULN (2313, 1536), PATCH (2313, 1536)
2025-08-06 19:57:49,697 - VulnragRetriever - INFO - Loaded 92 cached embeddings
2025-08-06 19:57:49,697 - VulnragRetriever - INFO - VulnragRetriever initialized with 2317 KB2 entries
2025-08-06 19:57:49,710 - VulnragRetriever - INFO - Starting hybrid retrieval for query query_1754524669
2025-08-06 19:58:06,955 - VulnragRetriever - INFO - Hybrid retrieval completed in 17.245s: NEUTRAL
2025-08-06 22:28:54,958 - VulnragRetriever - INFO - Loaded KB2 with 2317 entries
2025-08-06 22:28:55,179 - VulnragRetriever - INFO - Loaded double indexation: VULN (2313, 1536), PATCH (2313, 1536)
2025-08-06 22:28:55,415 - VulnragRetriever - INFO - Loaded 93 cached embeddings
2025-08-06 22:28:55,415 - VulnragRetriever - INFO - VulnragRetriever initialized with 2317 KB2 entries
2025-08-06 22:29:26,956 - VulnragRetriever - INFO - Loaded KB2 with 2317 entries
2025-08-06 22:29:27,199 - VulnragRetriever - INFO - Loaded KB2 with 2317 entries
2025-08-06 22:29:27,374 - VulnragRetriever - INFO - Loaded double indexation: VULN (2313, 1536), PATCH (2313, 1536)
2025-08-06 22:29:27,382 - VulnragRetriever - INFO - Loaded double indexation: VULN (2313, 1536), PATCH (2313, 1536)
2025-08-06 22:29:27,432 - VulnragRetriever - INFO - Loaded 93 cached embeddings
2025-08-06 22:29:27,432 - VulnragRetriever - INFO - VulnragRetriever initialized with 2317 KB2 entries
2025-08-06 22:29:27,522 - VulnragRetriever - INFO - Loaded 93 cached embeddings
2025-08-06 22:29:27,524 - VulnragRetriever - INFO - VulnragRetriever initialized with 2317 KB2 entries
2025-08-06 22:29:27,564 - VulnragRetriever - INFO - Starting hybrid retrieval for query query_1754533767
2025-08-06 22:29:39,273 - VulnragRetriever - INFO - Hybrid retrieval completed in 11.709s: NEUTRAL
2025-08-06 22:47:41,986 - VulnragRetriever - INFO - Loaded KB2 with 2317 entries
2025-08-06 22:47:42,053 - VulnragRetriever - INFO - Loaded double indexation: VULN (2313, 1536), PATCH (2313, 1536)
2025-08-06 22:47:42,607 - VulnragRetriever - INFO - Loaded 94 cached embeddings
2025-08-06 22:47:42,612 - VulnragRetriever - INFO - VulnragRetriever initialized with 2317 KB2 entries
2025-08-06 22:47:42,712 - VulnragRetriever - INFO - Starting hybrid retrieval for query query_1754534862
2025-08-06 22:48:18,252 - VulnragRetriever - INFO - Hybrid retrieval completed in 35.540s: NEUTRAL
2025-08-06 22:48:31,146 - VulnragRetriever - INFO - Starting hybrid retrieval for query query_1754534911
2025-08-06 22:49:05,465 - VulnragRetriever - INFO - Hybrid retrieval completed in 34.320s: NEUTRAL
2025-08-06 22:49:12,771 - VulnragRetriever - INFO - Starting hybrid retrieval for query query_1754534952
2025-08-06 22:49:35,379 - VulnragRetriever - INFO - Hybrid retrieval completed in 22.608s: NEUTRAL
2025-08-06 22:49:47,371 - VulnragRetriever - INFO - Starting hybrid retrieval for query query_1754534987
2025-08-06 22:50:10,925 - VulnragRetriever - INFO - Hybrid retrieval completed in 23.556s: NEUTRAL
2025-08-06 22:50:23,098 - VulnragRetriever - INFO - Starting hybrid retrieval for query query_1754535023
2025-08-06 22:50:55,140 - VulnragRetriever - INFO - Hybrid retrieval completed in 32.042s: NEUTRAL
2025-08-06 22:51:05,113 - VulnragRetriever - INFO - Starting hybrid retrieval for query query_1754535065
2025-08-06 22:51:33,118 - VulnragRetriever - INFO - Hybrid retrieval completed in 28.005s: NEUTRAL
2025-08-06 22:51:41,908 - VulnragRetriever - INFO - Starting hybrid retrieval for query query_1754535101
2025-08-06 22:52:11,814 - VulnragRetriever - INFO - Hybrid retrieval completed in 29.906s: NEUTRAL
2025-08-06 22:52:21,489 - VulnragRetriever - INFO - Starting hybrid retrieval for query query_1754535141
2025-08-06 22:52:54,436 - VulnragRetriever - INFO - Hybrid retrieval completed in 32.947s: NEUTRAL
2025-08-06 22:53:04,047 - VulnragRetriever - INFO - Starting hybrid retrieval for query query_1754535184
2025-08-06 22:53:24,880 - VulnragRetriever - INFO - Hybrid retrieval completed in 20.832s: NEUTRAL
2025-08-06 22:53:41,269 - VulnragRetriever - INFO - Starting hybrid retrieval for query query_1754535221
2025-08-06 22:54:04,232 - VulnragRetriever - INFO - Hybrid retrieval completed in 22.963s: NEUTRAL
2025-08-06 22:54:12,244 - VulnragRetriever - INFO - Starting hybrid retrieval for query query_1754535252
2025-08-06 22:54:28,883 - VulnragRetriever - INFO - Hybrid retrieval completed in 16.639s: NEUTRAL
2025-08-06 22:54:39,382 - VulnragRetriever - INFO - Starting hybrid retrieval for query query_1754535279
2025-08-06 22:54:56,465 - VulnragRetriever - INFO - Hybrid retrieval completed in 17.083s: NEUTRAL
2025-08-06 22:55:11,189 - VulnragRetriever - INFO - Starting hybrid retrieval for query query_1754535311
2025-08-06 22:55:29,167 - VulnragRetriever - INFO - Hybrid retrieval completed in 17.979s: NEUTRAL
2025-08-06 22:55:37,841 - VulnragRetriever - INFO - Starting hybrid retrieval for query query_1754535337
2025-08-06 22:55:49,579 - VulnragRetriever - INFO - Hybrid retrieval completed in 11.738s: NEUTRAL
2025-08-06 22:55:55,155 - VulnragRetriever - INFO - Starting hybrid retrieval for query query_1754535355
2025-08-06 22:56:08,214 - VulnragRetriever - INFO - Hybrid retrieval completed in 13.059s: NEUTRAL
2025-08-06 22:56:21,263 - VulnragRetriever - INFO - Starting hybrid retrieval for query query_1754535381
2025-08-06 22:56:35,438 - VulnragRetriever - INFO - Hybrid retrieval completed in 14.175s: NEUTRAL
2025-08-06 22:56:53,642 - VulnragRetriever - INFO - Starting hybrid retrieval for query query_1754535413
2025-08-06 22:57:06,689 - VulnragRetriever - INFO - Hybrid retrieval completed in 13.047s: NEUTRAL
2025-08-06 22:57:17,794 - VulnragRetriever - INFO - Starting hybrid retrieval for query query_1754535437
2025-08-06 22:57:30,107 - VulnragRetriever - INFO - Hybrid retrieval completed in 12.313s: NEUTRAL
2025-08-06 22:57:43,777 - VulnragRetriever - INFO - Starting hybrid retrieval for query query_1754535463
2025-08-06 22:57:58,452 - VulnragRetriever - INFO - Hybrid retrieval completed in 14.675s: NEUTRAL
2025-08-06 22:58:08,480 - VulnragRetriever - INFO - Starting hybrid retrieval for query query_1754535488
2025-08-06 22:58:22,835 - VulnragRetriever - INFO - Hybrid retrieval completed in 14.354s: NEUTRAL
2025-08-06 23:34:40,331 - VulnragRetriever - INFO - Loaded KB2 with 2317 entries
2025-08-06 23:34:40,392 - VulnragRetriever - INFO - Loaded double indexation: VULN (2313, 1536), PATCH (2313, 1536)
2025-08-06 23:34:40,514 - VulnragRetriever - INFO - Loaded 114 cached embeddings
2025-08-06 23:34:40,514 - VulnragRetriever - INFO - VulnragRetriever initialized with 2317 KB2 entries
2025-08-06 23:34:40,525 - VulnragRetriever - INFO - Starting hybrid retrieval for query query_1754537680
2025-08-06 23:35:27,404 - VulnragRetriever - INFO - Hybrid retrieval completed in 46.879s: NEUTRAL
2025-08-06 23:35:38,952 - VulnragRetriever - INFO - Starting hybrid retrieval for query query_1754537738
2025-08-06 23:36:14,796 - VulnragRetriever - INFO - Hybrid retrieval completed in 35.843s: NEUTRAL
2025-08-06 23:36:20,613 - VulnragRetriever - INFO - Starting hybrid retrieval for query query_1754537780
2025-08-06 23:36:59,955 - VulnragRetriever - INFO - Hybrid retrieval completed in 39.342s: NEUTRAL
2025-08-06 23:37:08,852 - VulnragRetriever - INFO - Starting hybrid retrieval for query query_1754537828
2025-08-06 23:37:44,322 - VulnragRetriever - INFO - Hybrid retrieval completed in 35.470s: NEUTRAL
2025-08-06 23:37:54,345 - VulnragRetriever - INFO - Starting hybrid retrieval for query query_1754537874
2025-08-06 23:38:20,086 - VulnragRetriever - INFO - Hybrid retrieval completed in 25.741s: NEUTRAL
2025-08-06 23:38:37,244 - VulnragRetriever - INFO - Starting hybrid retrieval for query query_1754537917
2025-08-06 23:39:13,459 - VulnragRetriever - INFO - Hybrid retrieval completed in 36.216s: NEUTRAL
2025-08-06 23:39:24,111 - VulnragRetriever - INFO - Starting hybrid retrieval for query query_1754537964
2025-08-06 23:40:00,822 - VulnragRetriever - INFO - Hybrid retrieval completed in 36.712s: NEUTRAL
2025-08-06 23:40:15,196 - VulnragRetriever - INFO - Starting hybrid retrieval for query query_1754538015
2025-08-06 23:40:43,579 - VulnragRetriever - INFO - Hybrid retrieval completed in 28.384s: NEUTRAL
2025-08-06 23:40:58,687 - VulnragRetriever - INFO - Starting hybrid retrieval for query query_1754538058
2025-08-06 23:41:14,497 - VulnragRetriever - INFO - Hybrid retrieval completed in 15.811s: NEUTRAL
2025-08-06 23:41:25,563 - VulnragRetriever - INFO - Starting hybrid retrieval for query query_1754538085
2025-08-06 23:41:42,712 - VulnragRetriever - INFO - Hybrid retrieval completed in 17.149s: NEUTRAL
2025-08-06 23:41:51,269 - VulnragRetriever - INFO - Starting hybrid retrieval for query query_1754538111
2025-08-06 23:42:13,478 - VulnragRetriever - INFO - Hybrid retrieval completed in 22.210s: NEUTRAL
2025-08-06 23:42:31,680 - VulnragRetriever - INFO - Starting hybrid retrieval for query query_1754538151
2025-08-06 23:42:57,348 - VulnragRetriever - INFO - Hybrid retrieval completed in 25.669s: NEUTRAL
2025-08-06 23:43:02,701 - VulnragRetriever - INFO - Starting hybrid retrieval for query query_1754538182
2025-08-06 23:43:23,678 - VulnragRetriever - INFO - Hybrid retrieval completed in 20.989s: NEUTRAL
2025-08-06 23:43:31,410 - VulnragRetriever - INFO - Starting hybrid retrieval for query query_1754538211
2025-08-06 23:43:45,767 - VulnragRetriever - INFO - Hybrid retrieval completed in 14.356s: NEUTRAL
2025-08-06 23:43:52,308 - VulnragRetriever - INFO - Starting hybrid retrieval for query query_1754538232
2025-08-06 23:44:11,176 - VulnragRetriever - INFO - Hybrid retrieval completed in 18.868s: NEUTRAL
2025-08-06 23:44:24,249 - VulnragRetriever - INFO - Starting hybrid retrieval for query query_1754538264
2025-08-06 23:44:41,153 - VulnragRetriever - INFO - Hybrid retrieval completed in 16.904s: NEUTRAL
2025-08-06 23:44:54,892 - VulnragRetriever - INFO - Starting hybrid retrieval for query query_1754538294
2025-08-06 23:45:13,323 - VulnragRetriever - INFO - Hybrid retrieval completed in 18.431s: NEUTRAL
2025-08-06 23:45:22,506 - VulnragRetriever - INFO - Starting hybrid retrieval for query query_1754538322
2025-08-06 23:45:38,406 - VulnragRetriever - INFO - Hybrid retrieval completed in 15.900s: NEUTRAL
2025-08-06 23:45:51,511 - VulnragRetriever - INFO - Starting hybrid retrieval for query query_1754538351
2025-08-06 23:46:14,022 - VulnragRetriever - INFO - Hybrid retrieval completed in 22.511s: NEUTRAL
2025-08-06 23:46:27,466 - VulnragRetriever - INFO - Starting hybrid retrieval for query query_1754538387
2025-08-06 23:46:46,673 - VulnragRetriever - INFO - Hybrid retrieval completed in 19.207s: NEUTRAL
2025-08-07 00:01:01,614 - VulnragRetriever - INFO - Loaded KB2 with 2317 entries
2025-08-07 00:01:01,683 - VulnragRetriever - INFO - Loaded double indexation: VULN (2313, 1536), PATCH (2313, 1536)
2025-08-07 00:01:01,795 - VulnragRetriever - INFO - Loaded 134 cached embeddings
2025-08-07 00:01:01,795 - VulnragRetriever - INFO - VulnragRetriever initialized with 2317 KB2 entries
2025-08-07 00:01:01,802 - VulnragRetriever - INFO - Starting hybrid retrieval for query query_1754539261
2025-08-07 00:01:21,723 - VulnragRetriever - INFO - Hybrid retrieval completed in 19.921s: NEUTRAL
2025-08-07 00:01:39,317 - VulnragRetriever - INFO - Starting hybrid retrieval for query query_1754539299
2025-08-07 00:02:01,386 - VulnragRetriever - INFO - Hybrid retrieval completed in 22.070s: NEUTRAL
2025-08-07 00:02:09,888 - VulnragRetriever - INFO - Starting hybrid retrieval for query query_1754539329
2025-08-07 00:02:26,426 - VulnragRetriever - INFO - Hybrid retrieval completed in 16.537s: NEUTRAL
2025-08-07 00:02:36,751 - VulnragRetriever - INFO - Starting hybrid retrieval for query query_1754539356
2025-08-07 00:02:51,277 - VulnragRetriever - INFO - Hybrid retrieval completed in 14.527s: NEUTRAL
2025-08-07 00:03:18,952 - VulnragRetriever - INFO - Starting hybrid retrieval for query query_1754539398
2025-08-07 00:03:32,183 - VulnragRetriever - INFO - Hybrid retrieval completed in 13.231s: NEUTRAL
2025-08-07 00:03:46,686 - VulnragRetriever - INFO - Starting hybrid retrieval for query query_1754539426
2025-08-07 00:03:59,603 - VulnragRetriever - INFO - Hybrid retrieval completed in 12.917s: NEUTRAL
2025-08-07 00:04:12,582 - VulnragRetriever - INFO - Starting hybrid retrieval for query query_1754539452
2025-08-07 00:04:30,194 - VulnragRetriever - INFO - Hybrid retrieval completed in 17.612s: NEUTRAL
2025-08-07 00:04:39,801 - VulnragRetriever - INFO - Starting hybrid retrieval for query query_1754539479
2025-08-07 00:04:56,024 - VulnragRetriever - INFO - Hybrid retrieval completed in 16.223s: NEUTRAL
2025-08-07 00:05:13,934 - VulnragRetriever - INFO - Starting hybrid retrieval for query query_1754539513
2025-08-07 00:05:29,717 - VulnragRetriever - INFO - Hybrid retrieval completed in 15.783s: NEUTRAL
2025-08-07 00:05:40,232 - VulnragRetriever - INFO - Starting hybrid retrieval for query query_1754539540
2025-08-07 00:05:55,194 - VulnragRetriever - INFO - Hybrid retrieval completed in 14.962s: NEUTRAL
2025-08-07 00:06:04,826 - VulnragRetriever - INFO - Starting hybrid retrieval for query query_1754539564
2025-08-07 00:06:19,964 - VulnragRetriever - INFO - Hybrid retrieval completed in 15.137s: NEUTRAL
2025-08-07 00:06:32,209 - VulnragRetriever - INFO - Starting hybrid retrieval for query query_1754539592
2025-08-07 00:06:48,499 - VulnragRetriever - INFO - Hybrid retrieval completed in 16.290s: NEUTRAL
2025-08-07 00:07:00,653 - VulnragRetriever - INFO - Starting hybrid retrieval for query query_1754539620
2025-08-07 00:07:14,173 - VulnragRetriever - INFO - Hybrid retrieval completed in 13.521s: NEUTRAL
2025-08-07 00:07:22,035 - VulnragRetriever - INFO - Starting hybrid retrieval for query query_1754539642
2025-08-07 00:07:35,777 - VulnragRetriever - INFO - Hybrid retrieval completed in 13.741s: NEUTRAL
2025-08-07 00:07:47,636 - VulnragRetriever - INFO - Starting hybrid retrieval for query query_1754539667
2025-08-07 00:07:59,319 - VulnragRetriever - INFO - Hybrid retrieval completed in 11.683s: NEUTRAL
2025-08-07 00:08:11,499 - VulnragRetriever - INFO - Starting hybrid retrieval for query query_1754539691
2025-08-07 00:08:23,420 - VulnragRetriever - INFO - Hybrid retrieval completed in 11.921s: NEUTRAL
2025-08-07 00:08:55,005 - VulnragRetriever - INFO - Starting hybrid retrieval for query query_1754539735
2025-08-07 00:09:08,707 - VulnragRetriever - INFO - Hybrid retrieval completed in 13.702s: NEUTRAL
2025-08-07 00:09:16,623 - VulnragRetriever - INFO - Starting hybrid retrieval for query query_1754539756
2025-08-07 00:09:31,079 - VulnragRetriever - INFO - Hybrid retrieval completed in 14.456s: NEUTRAL
2025-08-07 00:09:43,928 - VulnragRetriever - INFO - Starting hybrid retrieval for query query_1754539783
2025-08-07 00:09:56,606 - VulnragRetriever - INFO - Hybrid retrieval completed in 12.678s: NEUTRAL
2025-08-07 00:10:05,568 - VulnragRetriever - INFO - Starting hybrid retrieval for query query_1754539805
2025-08-07 00:10:18,462 - VulnragRetriever - INFO - Hybrid retrieval completed in 12.894s: NEUTRAL
2025-08-07 01:20:42,441 - VulnragRetriever - INFO - Loaded KB2 with 2317 entries
2025-08-07 01:20:42,487 - VulnragRetriever - INFO - Loaded double indexation: VULN (2313, 1536), PATCH (2313, 1536)
2025-08-07 01:20:42,579 - VulnragRetriever - INFO - Loaded 154 cached embeddings
2025-08-07 01:20:42,579 - VulnragRetriever - INFO - VulnragRetriever initialized with 2317 KB2 entries
2025-08-07 01:20:42,584 - VulnragRetriever - INFO - Starting hybrid retrieval for query query_1754544042
2025-08-07 11:47:45,221 - VulnragRetriever - INFO - Loaded KB2 with 2317 entries
2025-08-07 11:47:45,272 - VulnragRetriever - INFO - Loaded double indexation: VULN (2313, 1536), PATCH (2313, 1536)
2025-08-07 11:47:45,352 - VulnragRetriever - INFO - Loaded 155 cached embeddings
2025-08-07 11:47:45,352 - VulnragRetriever - INFO - VulnragRetriever initialized with 2317 KB2 entries
2025-08-07 12:11:49,304 - VulnragRetriever - INFO - Loaded KB2 with 2313 entries
2025-08-07 12:11:49,354 - VulnragRetriever - INFO - Loaded double indexation: VULN (2313, 1536), PATCH (2313, 1536)
2025-08-07 12:11:49,427 - VulnragRetriever - INFO - Loaded 156 cached embeddings
2025-08-07 12:11:49,427 - VulnragRetriever - INFO - VulnragRetriever initialized with 2313 KB2 entries
2025-08-07 12:12:23,914 - VulnragRetriever - INFO - Loaded KB2 with 2313 entries
2025-08-07 12:12:23,969 - VulnragRetriever - INFO - Loaded double indexation: VULN (2313, 1536), PATCH (2313, 1536)
2025-08-07 12:12:24,065 - VulnragRetriever - INFO - Loaded 156 cached embeddings
2025-08-07 12:12:24,066 - VulnragRetriever - INFO - VulnragRetriever initialized with 2313 KB2 entries
2025-08-07 12:12:24,066 - VulnragRetriever - INFO - Starting hybrid retrieval for query query_1754583144
2025-08-07 12:13:01,772 - VulnragRetriever - INFO - Hybrid retrieval completed in 37.706s: NEUTRAL
2025-08-07 12:14:15,215 - VulnragRetriever - INFO - Loaded KB2 with 2313 entries
2025-08-07 12:14:15,263 - VulnragRetriever - INFO - Loaded double indexation: VULN (2313, 1536), PATCH (2313, 1536)
2025-08-07 12:14:15,339 - VulnragRetriever - INFO - Loaded 157 cached embeddings
2025-08-07 12:14:15,339 - VulnragRetriever - INFO - VulnragRetriever initialized with 2313 KB2 entries
2025-08-07 12:14:15,339 - VulnragRetriever - INFO - Starting hybrid retrieval for query query_1754583255
2025-08-07 12:14:51,198 - VulnragRetriever - INFO - Hybrid retrieval completed in 35.859s: NEUTRAL
2025-08-07 12:25:27,934 - VulnragRetriever - INFO - Loaded KB2 with 2313 entries
2025-08-07 12:25:27,996 - VulnragRetriever - INFO - Loaded double indexation: VULN (2313, 1536), PATCH (2313, 1536)
2025-08-07 12:25:28,186 - VulnragRetriever - INFO - Loaded 158 cached embeddings
2025-08-07 12:25:28,186 - VulnragRetriever - INFO - VulnragRetriever initialized with 2313 KB2 entries
2025-08-07 12:25:28,186 - VulnragRetriever - INFO - Starting hybrid retrieval for query query_1754583928
2025-08-07 12:26:03,536 - VulnragRetriever - INFO - Hybrid retrieval completed in 35.350s: NEUTRAL
2025-08-07 12:28:53,355 - VulnragRetriever - INFO - Loaded KB2 with 2313 entries
2025-08-07 12:28:53,407 - VulnragRetriever - INFO - Loaded double indexation: VULN (2313, 1536), PATCH (2313, 1536)
2025-08-07 12:28:53,519 - VulnragRetriever - INFO - Loaded 159 cached embeddings
2025-08-07 12:28:53,519 - VulnragRetriever - INFO - VulnragRetriever initialized with 2313 KB2 entries
2025-08-07 12:28:53,519 - VulnragRetriever - INFO - Starting hybrid retrieval for query query_1754584133
2025-08-07 12:29:34,750 - VulnragRetriever - INFO - Hybrid retrieval completed in 41.231s: NEUTRAL
